[1.376s] Invoking command in '/home/gabi/ros2_ws/src/my_py_pkg': PYTHONPATH=/home/gabi/ros2_ws/build/my_py_pkg/prefix_override:/usr/lib/python3/dist-packages/colcon_core/task/python/colcon_distutils_commands:/home/gabi/ros2_ws/install/my_py_pkg/lib/python3.10/site-packages:${PYTHONPATH} /usr/bin/python3 -W ignore:setup.py install is deprecated setup.py egg_info --egg-base ../../build/my_py_pkg build --build-base /home/gabi/ros2_ws/build/my_py_pkg/build install --record /home/gabi/ros2_ws/build/my_py_pkg/install.log --single-version-externally-managed install_data
[1.921s] running egg_info
[1.923s] creating ../../build/my_py_pkg/my_py_pkg.egg-info
[1.923s] writing ../../build/my_py_pkg/my_py_pkg.egg-info/PKG-INFO
[1.924s] writing dependency_links to ../../build/my_py_pkg/my_py_pkg.egg-info/dependency_links.txt
[1.924s] writing entry points to ../../build/my_py_pkg/my_py_pkg.egg-info/entry_points.txt
[1.924s] writing requirements to ../../build/my_py_pkg/my_py_pkg.egg-info/requires.txt
[1.925s] writing top-level names to ../../build/my_py_pkg/my_py_pkg.egg-info/top_level.txt
[1.925s] writing manifest file '../../build/my_py_pkg/my_py_pkg.egg-info/SOURCES.txt'
[1.928s] reading manifest file '../../build/my_py_pkg/my_py_pkg.egg-info/SOURCES.txt'
[1.929s] writing manifest file '../../build/my_py_pkg/my_py_pkg.egg-info/SOURCES.txt'
[1.930s] running build
[1.930s] running build_py
[1.930s] creating /home/gabi/ros2_ws/build/my_py_pkg/build
[1.930s] creating /home/gabi/ros2_ws/build/my_py_pkg/build/lib
[1.931s] creating /home/gabi/ros2_ws/build/my_py_pkg/build/lib/my_py_pkg
[1.931s] copying my_py_pkg/__init__.py -> /home/gabi/ros2_ws/build/my_py_pkg/build/lib/my_py_pkg
[1.931s] running install
[1.931s] running install_lib
[1.933s] creating /home/gabi/ros2_ws/install/my_py_pkg/lib/python3.10/site-packages/my_py_pkg
[1.933s] copying /home/gabi/ros2_ws/build/my_py_pkg/build/lib/my_py_pkg/__init__.py -> /home/gabi/ros2_ws/install/my_py_pkg/lib/python3.10/site-packages/my_py_pkg
[1.935s] byte-compiling /home/gabi/ros2_ws/install/my_py_pkg/lib/python3.10/site-packages/my_py_pkg/__init__.py to __init__.cpython-310.pyc
[1.935s] running install_data
[1.936s] creating /home/gabi/ros2_ws/install/my_py_pkg/share
[1.936s] creating /home/gabi/ros2_ws/install/my_py_pkg/share/ament_index
[1.936s] creating /home/gabi/ros2_ws/install/my_py_pkg/share/ament_index/resource_index
[1.936s] creating /home/gabi/ros2_ws/install/my_py_pkg/share/ament_index/resource_index/packages
[1.936s] copying resource/my_py_pkg -> /home/gabi/ros2_ws/install/my_py_pkg/share/ament_index/resource_index/packages
[1.937s] creating /home/gabi/ros2_ws/install/my_py_pkg/share/my_py_pkg
[1.937s] copying package.xml -> /home/gabi/ros2_ws/install/my_py_pkg/share/my_py_pkg
[1.937s] creating /home/gabi/ros2_ws/install/my_py_pkg/share/my_py_pkg/srv
[1.937s] copying srv/CalcService.srv -> /home/gabi/ros2_ws/install/my_py_pkg/share/my_py_pkg/srv
[1.937s] running install_egg_info
[1.941s] Copying ../../build/my_py_pkg/my_py_pkg.egg-info to /home/gabi/ros2_ws/install/my_py_pkg/lib/python3.10/site-packages/my_py_pkg-0.0.0-py3.10.egg-info
[1.944s] running install_scripts
[1.981s] Installing basic_calculator script to /home/gabi/ros2_ws/install/my_py_pkg/lib/my_py_pkg
[1.981s] Installing terminal_node script to /home/gabi/ros2_ws/install/my_py_pkg/lib/my_py_pkg
[1.981s] writing list of installed files to '/home/gabi/ros2_ws/build/my_py_pkg/install.log'
[2.023s] Invoked command in '/home/gabi/ros2_ws/src/my_py_pkg' returned '0': PYTHONPATH=/home/gabi/ros2_ws/build/my_py_pkg/prefix_override:/usr/lib/python3/dist-packages/colcon_core/task/python/colcon_distutils_commands:/home/gabi/ros2_ws/install/my_py_pkg/lib/python3.10/site-packages:${PYTHONPATH} /usr/bin/python3 -W ignore:setup.py install is deprecated setup.py egg_info --egg-base ../../build/my_py_pkg build --build-base /home/gabi/ros2_ws/build/my_py_pkg/build install --record /home/gabi/ros2_ws/build/my_py_pkg/install.log --single-version-externally-managed install_data
